2018-07-01 16:29:21,738 - ===== IMPORTING ||| SCRIPT STARTS ||| LOGGING PURPOSE ====== 
2018-07-01 16:29:29,058 -         Unnamed: 0            id  gender   ethnicity         0         1  \
0                0  6.745248e+10     0.0  southasian -0.017973  0.234318   
2                2  7.295041e+10     1.0  southasian  0.048146 -0.038316   
3                3  9.724301e+10     2.0   caucasian -0.047999  0.090907   
4                4  2.838980e+10     0.0  southasian  0.028755  0.172809   
5                5  4.221302e+10     0.0  southasian -0.071434  0.112948   
6                6  1.838855e+10     0.0  southasian  0.057718  0.131495   
7                7  2.490026e+10     0.0  southasian  0.033196  0.127582   
8                8  4.805191e+10     1.0   caucasian -0.076977  0.236791   
10              10  5.429212e+10     0.0   eastasian  0.008999  0.129861   
11              11  5.784841e+10     0.0   eastasian  0.012142  0.189940   
12              12  7.019760e+10     0.0   eastasian  0.106322  0.196735   
14              14  9.415532e+10     0.0  southasian  0.114931 -0.159474   
15              15  2.120882e+10     2.0   caucasian  0.051608  0.137750   
16              16  5.939200e+10     2.0  southasian  0.009526  0.147409   
17              17  9.086810e+10     2.0   caucasian  0.024142  0.000854   
18              18  4.690996e+10     0.0  southasian  0.033319  0.159116   
20              20  7.845101e+10     2.0  southasian  0.187362 -0.035666   
21              21  8.408789e+10     0.0   eastasian -0.021002  0.288422   
23              23  2.284030e+10     1.0   eastasian -0.013367 -0.088269   
24              24  3.597283e+10     0.0   eastasian -0.049389  0.295754   
25              25  9.140441e+10     0.0   eastasian  0.026326  0.206264   
28              28  2.819611e+09     1.0   caucasian  0.019442 -0.096609   
29              29  6.643929e+10     2.0   caucasian -0.080579 -0.035572   
30              30  2.021548e+08     0.0   caucasian  0.024876  0.007082   
32              32  7.160728e+10     2.0  southasian  0.078444  0.152310   
33              33  5.127293e+10     1.0   caucasian  0.096892 -0.053756   
34              34  8.603406e+10     1.0  southasian -0.036475 -0.068401   
35              35  2.054654e+10     1.0   caucasian  0.150308 -0.164631   
36              36  4.162993e+09     0.0  southasian -0.030159  0.020164   
38              38  3.691264e+09     2.0   eastasian -0.031468  0.159170   
...            ...           ...     ...         ...       ...       ...   
155974      155974  1.858934e+10     2.0   eastasian -0.011607 -0.024735   
155975      155975  9.985408e+09     0.0   eastasian -0.001182  0.284829   
155978      155978  7.932416e+10     2.0   eastasian  0.030175  0.219635   
155979      155979  5.140726e+10     0.0  southasian  0.031550  0.102886   
155980      155980  1.838154e+10     2.0  southasian -0.016148  0.101021   
155981      155981  5.254892e+10     0.0  southasian -0.068570  0.158437   
155982      155982  3.007870e+10     0.0   eastasian  0.049201  0.033500   
155983      155983  2.496729e+10     0.0  southasian  0.025071  0.147390   
155984      155984  9.509574e+10     0.0   eastasian -0.042558  0.123499   
155985      155985  1.879239e+10     2.0   eastasian  0.005455  0.260575   
155986      155986  3.462776e+09     1.0   eastasian  0.048061  0.263142   
155987      155987  5.515081e+10     2.0   caucasian -0.065850 -0.025302   
155988      155988  5.551332e+10     1.0  southasian  0.101704 -0.020549   
155990      155990  5.732226e+10     0.0  southasian -0.012293  0.045811   
155991      155991  7.047304e+09     0.0  southasian  0.161612  0.072477   
155992      155992  4.236847e+10     1.0   eastasian  0.083984  0.186311   
155993      155993  1.765190e+10     2.0  southasian -0.026360  0.016153   
155994      155994  6.493907e+10     2.0   caucasian  0.070205  0.038813   
155995      155995  6.193057e+10     0.0   caucasian -0.113568  0.092863   
155996      155996  2.375727e+10     0.0   eastasian  0.025385  0.296296   
155997      155997  1.382473e+10     0.0   eastasian  0.078425  0.143094   
155998      155998  6.179618e+10     2.0  southasian -0.002475  0.056481   
155999      155999  5.687378e+10     0.0   eastasian -0.033273  0.153235   
156000      156000  5.646927e+10     2.0  southasian  0.030969  0.162488   
156001      156001  8.665697e+10     0.0   eastasian -0.050324  0.177063   
156002      156002  1.322294e+10     0.0  southasian -0.110152  0.135361   
156003      156003  1.834709e+09     1.0   eastasian  0.069887 -0.077875   
156004      156004  1.639550e+10     1.0   caucasian -0.012053 -0.096726   
156005      156005  9.871738e+10     2.0   caucasian -0.098611  0.080490   
156007      156007  1.020144e+10     2.0  southasian -0.086554  0.059544   

               2         3         4         5    ...           119       120  \
0       0.045868  0.100706 -0.111350  0.160434    ...      0.054241  0.115467   
2      -0.110152  0.034591  0.079208  0.155041    ...      0.168158 -0.072299   
3       0.126638 -0.057377  0.022362  0.028182    ...      0.014449  0.055942   
4      -0.119323 -0.098589  0.019656  0.077702    ...     -0.047848  0.068467   
5       0.005628  0.129046 -0.026558  0.120777    ...      0.139625  0.119657   
6      -0.068548  0.042353  0.067641  0.056605    ...      0.079239 -0.082707   
7       0.054308  0.024066  0.136783  0.163867    ...      0.113136  0.163637   
8      -0.036860 -0.125795  0.013415  0.087975    ...      0.065918  0.056030   
10      0.162037  0.055280  0.020286  0.172843    ...      0.066849  0.078705   
11      0.081464  0.083205 -0.033124  0.084284    ...      0.177491 -0.044842   
12      0.005169  0.137183 -0.023516  0.122995    ...      0.031932 -0.045836   
14     -0.104122  0.049089  0.141635  0.153853    ...      0.154855 -0.009666   
15      0.232563 -0.047852  0.076672  0.046826    ...      0.016762  0.023936   
16      0.047583  0.046289  0.044811  0.166521    ...      0.138196  0.099994   
17     -0.079866 -0.007425 -0.051686  0.097049    ...      0.120108  0.086525   
18     -0.126842 -0.011146  0.089564  0.139829    ...      0.097938  0.070812   
20     -0.011185 -0.001749  0.052051  0.139406    ...      0.129689 -0.047207   
21      0.120231  0.112559 -0.054539  0.098287    ...      0.067148  0.072269   
23     -0.157380 -0.078349  0.115987  0.022236    ...      0.140498  0.071108   
24      0.051467  0.114457 -0.086064  0.102919    ...     -0.006866  0.078280   
25     -0.015818 -0.102351  0.059203  0.143926    ...      0.035450  0.054035   
28     -0.020444 -0.064635  0.019731  0.033298    ...      0.205375 -0.052410   
29      0.098128 -0.022084 -0.000939  0.072233    ...      0.150971  0.145736   
30     -0.137355 -0.073347  0.152028  0.051657    ...      0.060331  0.118120   
32     -0.064243  0.020489 -0.010618  0.226051    ...      0.150049  0.064542   
33     -0.154552 -0.013436  0.117669  0.033405    ...      0.218247 -0.030077   
34      0.036966 -0.016692  0.110541  0.109741    ...      0.122391 -0.016335   
35      0.076211  0.087979 -0.005430  0.014550    ...     -0.074299 -0.057352   
36      0.247429  0.146301  0.061558  0.091600    ...      0.081097  0.093001   
38      0.148571 -0.064130  0.072068 -0.072241    ...     -0.066015 -0.006474   
...          ...       ...       ...       ...    ...           ...       ...   
155974  0.122221 -0.152340  0.054568  0.109778    ...      0.078771  0.180216   
155975  0.007782  0.105230 -0.022359  0.125557    ...      0.064928  0.020307   
155978  0.084531  0.111049 -0.055609  0.137738    ...      0.021783  0.091213   
155979 -0.152515  0.013819 -0.079040  0.106797    ...      0.061389 -0.097756   
155980 -0.144836  0.037621  0.096585 -0.000537    ...      0.068344  0.019584   
155981 -0.079817 -0.102834 -0.054881  0.156403    ...      0.002576  0.110438   
155982 -0.098475 -0.064647  0.062578 -0.016409    ...     -0.020239  0.057429   
155983  0.089729  0.006875  0.086238  0.148589    ...      0.168223  0.098262   
155984 -0.010229  0.121423 -0.012374  0.180308    ...      0.041925  0.127659   
155985  0.031448  0.107854 -0.034840  0.122993    ...      0.011862  0.105420   
155986  0.026228  0.134023 -0.017264  0.176510    ...      0.073581  0.068823   
155987  0.056805 -0.037680  0.012173  0.170355    ...      0.112665  0.069810   
155988  0.029580  0.070278  0.085641  0.163420    ...      0.180628  0.036217   
155990  0.260921  0.203361  0.041992  0.088194    ...      0.016361  0.028809   
155991 -0.029041  0.024808  0.001379  0.124300    ...      0.148806 -0.085143   
155992 -0.022462  0.131877 -0.025772  0.111365    ...      0.039791 -0.024004   
155993 -0.027066 -0.128207  0.128289  0.055602    ...      0.121328  0.021096   
155994  0.009120 -0.174973  0.077991  0.064944    ...      0.175268  0.100872   
155995  0.162971 -0.079757  0.035353 -0.057363    ...      0.047457  0.043667   
155996 -0.001021  0.135503 -0.016463  0.109144    ...      0.041501  0.012918   
155997  0.029118  0.153195 -0.042217  0.112615    ...      0.030730  0.042259   
155998  0.027743  0.062029 -0.063795  0.148211    ...     -0.029067  0.131707   
155999 -0.030833  0.124672 -0.048426  0.084691    ...      0.025077  0.071063   
156000  0.156395  0.004090  0.077572  0.104603    ...     -0.016237  0.089251   
156001  0.019758  0.098727 -0.085775  0.104360    ...      0.000731  0.077572   
156002 -0.080449  0.100018 -0.016068  0.073551    ...      0.103696  0.042019   
156003 -0.012469  0.086877  0.015780  0.197859    ...      0.114586  0.073629   
156004 -0.126806 -0.048357  0.088780  0.126402    ...      0.097638  0.036502   
156005  0.024337 -0.122192  0.133063  0.019740    ...      0.144897  0.059926   
156007 -0.133170  0.073052 -0.027866  0.110348    ...      0.123103  0.023256   

             121       122       123       124       125       126       127  \
0      -0.042813 -0.031940  0.022375  0.185700 -0.012256  0.154224  0.089849   
2      -0.137659 -0.031673 -0.034293 -0.191415  0.148576 -0.120498  0.015287   
3       0.030899 -0.011251  0.041431  0.138157 -0.013602  0.111036  0.123017   
4      -0.165270  0.058887 -0.050953  0.060163 -0.032356  0.040983 -0.048044   
5      -0.061923 -0.066254  0.051291  0.084507  0.088415  0.093292  0.060611   
6       0.149726  0.123912  0.044913  0.077077 -0.048466  0.044201 -0.083011   
7      -0.076061  0.028769  0.057129  0.037534 -0.022008  0.137818 -0.017705   
8       0.119242  0.141702 -0.089253 -0.073802 -0.054072  0.005442  0.060238   
10     -0.079799 -0.078810 -0.019077  0.100634  0.011218  0.154437  0.089801   
11     -0.022835 -0.070652  0.077664  0.110892  0.007296  0.057071  0.036375   
12      0.052829 -0.012047  0.172729  0.227096 -0.134658  0.130069  0.011478   
14     -0.025313 -0.066744  0.089329  0.001975  0.023343 -0.030258  0.031446   
15      0.073738  0.128862  0.058914  0.047634  0.020835  0.220842 -0.067413   
16     -0.034844 -0.044090  0.099161  0.112379  0.020937  0.117721 -0.034202   
17     -0.126644  0.014681  0.116610  0.066791  0.004459  0.033888  0.055311   
18     -0.070682  0.018725  0.019337 -0.011937  0.049800  0.000179  0.016744   
20     -0.129311 -0.045781  0.027378  0.065032 -0.018418  0.039056 -0.020684   
21      0.040532  0.015430  0.142982  0.190863 -0.034851  0.177761  0.021678   
23     -0.010677  0.021715 -0.035483 -0.085899  0.045448 -0.036070  0.080468   
24     -0.014855 -0.045212  0.047203  0.150426 -0.053147  0.172494  0.085179   
25     -0.130052  0.020256 -0.106869  0.131474  0.022553  0.158203  0.038082   
28     -0.045257 -0.024627  0.101838 -0.011142  0.015867 -0.002425  0.048190   
29     -0.027284 -0.088630  0.053210  0.068535  0.017442  0.082064  0.117972   
30      0.012398  0.068126  0.077488  0.105027 -0.115096  0.121794  0.095425   
32     -0.247526  0.024916 -0.052761 -0.016892  0.100509  0.084378  0.049041   
33     -0.009983 -0.013340  0.018059  0.016310 -0.000486  0.016420  0.032124   
34     -0.036669 -0.096577 -0.038324 -0.270753  0.145211 -0.162208  0.008387   
35      0.093983  0.060538 -0.092013  0.061319  0.056071  0.084274 -0.121420   
36      0.000639 -0.089247 -0.004597  0.148083  0.022839  0.231577  0.033896   
38      0.156322  0.066826  0.002385  0.032135  0.034824  0.133456  0.028148   
...          ...       ...       ...       ...       ...       ...       ...   
155974 -0.018691  0.099413  0.048050  0.020267 -0.060828  0.164510  0.063111   
155975  0.051352 -0.026435  0.097413  0.201484 -0.065367  0.087062  0.036572   
155978 -0.051926 -0.005605  0.072963  0.183076 -0.043583  0.249642  0.023993   
155979 -0.195437 -0.071239 -0.030319 -0.000802  0.081491 -0.000989  0.054451   
155980  0.034438  0.024265  0.091112  0.033660  0.034667  0.006588 -0.114116   
155981 -0.184912  0.075003  0.001195  0.007701  0.025573  0.022969 -0.006300   
155982 -0.050312  0.109325 -0.027025 -0.008327  0.000027  0.107221  0.073241   
155983 -0.085810 -0.084569  0.005642  0.115549 -0.006168  0.173360  0.029808   
155984 -0.012897 -0.035975  0.008739  0.072853  0.011467  0.135618  0.170636   
155985  0.044606  0.003720  0.180458  0.207432 -0.116119  0.155135 -0.022150   
155986  0.055439  0.073845  0.106662  0.230063 -0.039282  0.213106  0.025776   
155987 -0.187048 -0.183199 -0.083231 -0.057266  0.124571 -0.059508  0.148654   
155988 -0.065420 -0.105957  0.053244 -0.104565  0.094117 -0.111128 -0.021253   
155990  0.061944 -0.043196 -0.105605  0.195185  0.131605  0.121003 -0.070940   
155991  0.029849 -0.025354  0.115803  0.141673 -0.125509 -0.002304 -0.120312   
155992  0.051854 -0.001895  0.139490  0.187213 -0.118228  0.109937  0.028938   
155993 -0.116933 -0.013089  0.002415 -0.051384  0.040527  0.011961  0.041334   
155994 -0.072991 -0.011071  0.070252  0.134344 -0.114080  0.187959  0.049115   
155995 -0.030792 -0.102707 -0.089477  0.006828  0.019349  0.168425  0.111129   
155996  0.093230  0.008495  0.131121  0.205077 -0.113182  0.138056  0.029771   
155997  0.042209 -0.003489  0.130303  0.187985 -0.074533  0.129155  0.041531   
155998 -0.148282  0.120572  0.001956  0.081460 -0.002052  0.270512  0.086263   
155999  0.042382 -0.050732  0.127873  0.131588 -0.083535  0.136007  0.096855   
156000 -0.050621  0.065106  0.034793  0.055226 -0.030108  0.155410 -0.110065   
156001  0.003653 -0.027051  0.105570  0.174019 -0.086553  0.119819  0.114155   
156002 -0.091792  0.022145  0.029117  0.015710  0.117861  0.114636  0.009341   
156003 -0.119321  0.011307  0.040560 -0.036131  0.092728 -0.062026  0.087641   
156004  0.024988  0.073664 -0.120648 -0.042747 -0.004519  0.064858  0.158096   
156005  0.094535 -0.040658  0.005147 -0.033574  0.018121  0.005479  0.030010   
156007 -0.086501  0.003004  0.027255 -0.071094  0.146033 -0.002237  0.081172   

        eastasian  
0               0  
2               0  
3               0  
4               0  
5               0  
6               0  
7               0  
8               0  
10              1  
11              1  
12              1  
14              0  
15              0  
16              0  
17              0  
18              0  
20              0  
21              1  
23              1  
24              1  
25              1  
28              0  
29              0  
30              0  
32              0  
33              0  
34              0  
35              0  
36              0  
38              1  
...           ...  
155974          1  
155975          1  
155978          1  
155979          0  
155980          0  
155981          0  
155982          1  
155983          0  
155984          1  
155985          1  
155986          1  
155987          0  
155988          0  
155990          0  
155991          0  
155992          1  
155993          0  
155994          0  
155995          0  
155996          1  
155997          1  
155998          0  
155999          1  
156000          0  
156001          1  
156002          0  
156003          1  
156004          0  
156005          0  
156007          0  

[116009 rows x 133 columns] 
2018-07-01 16:29:29,703 - (116009, 128) (116009,) train shape 
2018-07-01 16:29:29,704 - (7164, 128) (7164,) test shape 
2018-07-01 16:30:33,462 -       Unnamed: 0  gender               id        race  drop         0  \
22            22    Male  00222_940128_hr   caucasian     1 -0.050830   
23            23    Male  00222_940128_hl   caucasian     1  0.013568   
24            24    Male  00222_940128_fa   caucasian     1 -0.075273   
25            25    Male  00222_940128_fb   caucasian     1 -0.075403   
26            26    Male  00017_930831_fa  southasian     1 -0.017676   
27            27    Male  00017_930831_hr  southasian     1 -0.023733   
28            28    Male  00017_930831_fb  southasian     1  0.026385   
29            29    Male  00017_930831_hl  southasian     1  0.000273   
30            30  Female  00140_941121_re   caucasian     1 -0.060316   
31            31  Female  00140_941121_ql   caucasian     1 -0.049160   
32            32  Female  00140_931230_fa   caucasian     1 -0.125974   
33            33  Female  00140_941121_hl   caucasian     1 -0.063773   
34            34  Female  00140_941121_hr   caucasian     1 -0.046788   
35            35  Female  00140_941121_fb   caucasian     1 -0.092376   
36            36  Female  00140_931230_hr   caucasian     1 -0.069455   
37            37  Female  00140_941121_fa   caucasian     1 -0.046744   
38            38  Female  00140_941121_rc   caucasian     1 -0.112266   
39            39  Female  00140_941121_rd   caucasian     1 -0.039674   
40            40  Female  00140_931230_fb   caucasian     1 -0.105913   
41            41  Female  00140_941121_qr   caucasian     1 -0.096090   
42            42    Male  00473_960627_fb   caucasian     1  0.022171   
43            43    Male  00473_960627_fa   caucasian     1  0.026842   
44            44    Male  00473_940519_pl   caucasian     1  0.068084   
45            45    Male  00473_940519_qr   caucasian     1  0.060565   
46            46    Male  00473_960627_qr   caucasian     1  0.054917   
47            47    Male  00473_940519_hr   caucasian     1  0.076963   
48            48    Male  00473_960627_rc   caucasian     1  0.054092   
49            49    Male  00473_940519_ql   caucasian     1  0.051333   
50            50    Male  00473_960627_ql   caucasian     1  0.049223   
51            51    Male  00473_940519_hl   caucasian     1  0.090445   
...          ...     ...              ...         ...   ...       ...   
8337        8337    Male  01010_960627_rb   caucasian     1  0.008382   
8338        8338  Female  00840_940307_fb   caucasian     1 -0.023174   
8339        8339  Female  00840_940307_fa   caucasian     1 -0.093316   
8340        8340  Female  00840_940307_hr   caucasian     1 -0.097939   
8341        8341  Female  00840_940307_hl   caucasian     1 -0.078189   
8342        8342  Female  00949_960627_ra   caucasian     1 -0.017071   
8343        8343  Female  00949_960627_qr   caucasian     1  0.055882   
8344        8344  Female  00949_960627_ql   caucasian     1  0.017719   
8345        8345  Female  00949_960627_fb   caucasian     1  0.026984   
8346        8346  Female  00949_960627_hl   caucasian     1 -0.033059   
8347        8347  Female  00949_960627_rc   caucasian     1  0.004182   
8348        8348  Female  00949_960627_rb   caucasian     1  0.019736   
8349        8349  Female  00949_960627_fa   caucasian     1 -0.041822   
8350        8350  Female  00949_960627_hr   caucasian     1  0.025856   
8351        8351    Male  00887_960530_rc   caucasian     1 -0.043740   
8352        8352    Male  00887_960530_hr   caucasian     1 -0.056973   
8353        8353    Male  00887_960530_fb   caucasian     1 -0.030029   
8354        8354    Male  00887_960530_qr   caucasian     1 -0.053755   
8355        8355    Male  00887_960530_fa   caucasian     1 -0.011845   
8356        8356    Male  00887_960530_hl   caucasian     1  0.014449   
8357        8357    Male  00887_960530_rd   caucasian     1 -0.078090   
8358        8358    Male  00887_960530_ql   caucasian     1  0.001893   
8359        8359  Female  00914_960620_qr   caucasian     1  0.182724   
8360        8360  Female  00914_960620_fa   caucasian     1  0.184229   
8361        8361  Female  00914_960620_rc   caucasian     1  0.187784   
8362        8362  Female  00914_960620_rd   caucasian     1  0.221453   
8363        8363  Female  00914_960620_pl   caucasian     1  0.140660   
8364        8364  Female  00914_960620_fb   caucasian     1  0.173732   
8365        8365  Female  00914_960620_hl   caucasian     1  0.158917   
8366        8366  Female  00914_960620_ql   caucasian     1  0.173911   

             1         2         3         4    ...          118       119  \
22   -0.043172  0.072091 -0.029561 -0.028825    ...     0.073796  0.164636   
23   -0.102027  0.092424  0.009010  0.037771    ...     0.017632  0.016897   
24    0.104835 -0.023349 -0.048240  0.036386    ...     0.079051  0.173090   
25    0.036521 -0.040520 -0.075703  0.021914    ...     0.037399  0.125769   
26   -0.042968 -0.095592  0.014898  0.006122    ...     0.009978  0.037870   
27   -0.096164 -0.032622  0.055072 -0.020670    ...     0.008591  0.022388   
28   -0.066697 -0.048740  0.024837  0.019296    ...    -0.009271  0.067430   
29   -0.146122 -0.017533  0.019933 -0.024807    ...     0.050982  0.003230   
30    0.098747 -0.010078  0.009879 -0.068298    ...     0.012686 -0.028652   
31    0.038587 -0.053112 -0.019567 -0.023119    ...    -0.067669  0.001704   
32    0.113130  0.029485 -0.088005 -0.044534    ...    -0.106775 -0.082199   
33    0.019156 -0.063261 -0.064542 -0.035946    ...    -0.045072  0.006265   
34    0.037997 -0.066962  0.005103 -0.002671    ...    -0.048145  0.009094   
35    0.114757  0.021092 -0.013908 -0.110532    ...    -0.033269 -0.013548   
36    0.130452 -0.076570 -0.028058 -0.033724    ...    -0.031209 -0.022301   
37    0.135843  0.049196  0.015444 -0.112232    ...     0.023739  0.037029   
38    0.083235 -0.043909  0.003943 -0.072205    ...    -0.027579  0.014496   
39    0.139541 -0.093546 -0.003030 -0.057753    ...    -0.066320 -0.011753   
40    0.149694 -0.019761 -0.059461 -0.007592    ...    -0.079264 -0.018285   
41    0.092598 -0.067241 -0.005180 -0.065081    ...    -0.055568  0.005050   
42    0.027078 -0.031961 -0.041895  0.016742    ...    -0.094902 -0.052652   
43    0.037578 -0.098660 -0.095801  0.056815    ...    -0.057361 -0.008616   
44   -0.028715 -0.033823 -0.054745 -0.043369    ...    -0.074119 -0.088832   
45    0.059934  0.021828 -0.056233  0.023055    ...    -0.059997 -0.016497   
46    0.040868 -0.030110 -0.046875 -0.006374    ...    -0.074346 -0.047929   
47    0.032366  0.000923 -0.026769  0.020957    ...    -0.079849 -0.000973   
48    0.083014 -0.006872 -0.085045 -0.007371    ...    -0.068568 -0.059425   
49    0.003007 -0.040690 -0.009636  0.030199    ...    -0.044525 -0.035182   
50    0.064963 -0.044097 -0.023429  0.032825    ...    -0.031988 -0.002110   
51    0.020612 -0.007145  0.010587  0.046052    ...    -0.024941 -0.044976   
...        ...       ...       ...       ...    ...          ...       ...   
8337 -0.091409  0.061532  0.017315 -0.147884    ...     0.075951  0.060830   
8338 -0.150263 -0.092786 -0.054396  0.044576    ...    -0.075131  0.029435   
8339 -0.044358 -0.107670 -0.086200  0.044094    ...     0.028212  0.117008   
8340 -0.108208 -0.101428 -0.041116  0.118232    ...    -0.068288  0.114192   
8341  0.009251 -0.111449 -0.046427  0.073294    ...    -0.108660  0.103966   
8342  0.063746  0.138378 -0.087832  0.082656    ...    -0.049433 -0.020349   
8343  0.059919 -0.034223 -0.021158  0.132062    ...    -0.016549  0.066431   
8344 -0.002009 -0.053342 -0.098958  0.143189    ...    -0.026789  0.076405   
8345  0.046816 -0.065592 -0.109642  0.137256    ...    -0.014923  0.096817   
8346  0.043625  0.106517 -0.153378  0.025177    ...    -0.008909  0.025140   
8347  0.025473  0.002897 -0.080214  0.112542    ...    -0.002063  0.070314   
8348 -0.009647 -0.018919 -0.099012  0.118233    ...    -0.008841  0.053491   
8349  0.143373  0.049882 -0.098277  0.077738    ...     0.006066  0.124881   
8350  0.014768  0.054082  0.005304  0.051115    ...     0.002765  0.089990   
8351  0.118863  0.041834  0.057413 -0.062951    ...     0.216442  0.060421   
8352  0.059246  0.142396  0.058832 -0.054755    ...     0.107750  0.019486   
8353  0.109642  0.068075  0.030665 -0.054566    ...     0.122614  0.055511   
8354  0.085177  0.006199  0.069769 -0.045267    ...     0.214979  0.032668   
8355  0.145375  0.061569  0.025263 -0.042321    ...     0.145553  0.079739   
8356 -0.053312  0.075417  0.018689  0.047890    ...     0.039044  0.054566   
8357  0.045032  0.043288  0.096498 -0.031554    ...     0.116148  0.011484   
8358  0.066458  0.090275  0.050686 -0.023384    ...     0.110211  0.008860   
8359 -0.014594 -0.127627  0.084150  0.055211    ...    -0.124334 -0.049193   
8360  0.021787 -0.135354  0.027275  0.031771    ...    -0.142863 -0.070783   
8361 -0.018947 -0.158470  0.028583  0.032179    ...    -0.135032 -0.085442   
8362 -0.049096 -0.088568  0.112698  0.015102    ...    -0.137932 -0.052311   
8363 -0.112504 -0.027530 -0.015177  0.025585    ...    -0.074933  0.084457   
8364 -0.002436 -0.097778  0.021026  0.055935    ...    -0.152949 -0.073656   
8365 -0.011993 -0.011544  0.038253  0.053533    ...    -0.162002 -0.034217   
8366  0.019019 -0.049882  0.072143  0.027420    ...    -0.135969 -0.063235   

           120       121       122       123       124       125       126  \
22   -0.005953 -0.074549 -0.042596 -0.077148 -0.045486  0.095455  0.124389   
23    0.029305 -0.036603 -0.023836 -0.050813 -0.002685  0.037236  0.247413   
24    0.057859  0.001958 -0.142523 -0.008072 -0.042782  0.056587  0.021720   
25    0.032062 -0.040376 -0.106118 -0.082570 -0.078823  0.077586  0.003673   
26    0.049468 -0.038262  0.045291 -0.040383 -0.122089  0.102767  0.036459   
27    0.024603 -0.059386 -0.039897 -0.064992 -0.094732  0.122704  0.048727   
28    0.011704 -0.027777  0.010646 -0.004143 -0.066183  0.063016  0.111710   
29    0.038085 -0.132130  0.038607 -0.026858 -0.091094  0.085053  0.097280   
30   -0.027138 -0.171209 -0.038570 -0.125358 -0.193270  0.194008  0.005250   
31    0.024768 -0.108255 -0.028951 -0.176311 -0.156558  0.186497 -0.018972   
32    0.047039 -0.048379 -0.059532 -0.153424 -0.114559  0.145954 -0.031285   
33   -0.002213 -0.238732 -0.059613 -0.159789 -0.133562  0.183641  0.026726   
34   -0.039833 -0.124369 -0.077788 -0.172327 -0.215128  0.229829 -0.071993   
35   -0.011211 -0.094183 -0.113726 -0.167842 -0.074663  0.168363  0.021673   
36    0.053144 -0.044156 -0.087599 -0.134713 -0.078923  0.132130  0.019461   
37   -0.005413 -0.084434 -0.114283 -0.119804  0.004305  0.124345  0.104783   
38   -0.027968 -0.092536 -0.112681 -0.169823 -0.108559  0.200209 -0.010183   
39   -0.011590 -0.147068 -0.066646 -0.088076 -0.140555  0.189746 -0.027316   
40    0.048103 -0.022048 -0.070417 -0.127012 -0.093274  0.154052 -0.000537   
41   -0.002679 -0.097109 -0.106761 -0.133244 -0.121805  0.191580 -0.036457   
42    0.037198  0.084442  0.035413  0.021321  0.000247  0.021852 -0.013224   
43    0.023992  0.024658  0.035068  0.001908 -0.007224  0.008347 -0.062707   
44   -0.003772 -0.159156  0.014243 -0.001319 -0.055195  0.045320 -0.008200   
45    0.023757  0.033797  0.029464  0.026193  0.023536  0.007214  0.012536   
46    0.045396 -0.002535  0.037877  0.011841  0.010355  0.048160  0.005160   
47    0.032804  0.015015  0.060056  0.011355  0.003650  0.045998  0.043456   
48    0.039476  0.018016  0.050144  0.031704 -0.004496  0.027238 -0.034829   
49    0.016792  0.039526  0.037571 -0.015063  0.025730  0.007271  0.006760   
50    0.053643  0.044453  0.042094  0.024433 -0.003434  0.032075 -0.004387   
51    0.026128  0.050780  0.094520  0.013490  0.020854  0.003890  0.091327   
...        ...       ...       ...       ...       ...       ...       ...   
8337 -0.004056 -0.042275 -0.081082 -0.051889  0.059446  0.060803  0.107005   
8338 -0.088069  0.089094  0.079737  0.003558 -0.118021 -0.023877  0.041713   
8339 -0.015796  0.083454  0.041371 -0.058760 -0.103560  0.017732 -0.010545   
8340 -0.041582  0.045070 -0.041395 -0.023035 -0.106208  0.053910 -0.024050   
8341 -0.069393 -0.002917  0.033475  0.029393 -0.147450  0.103536 -0.068377   
8342  0.077199  0.055427  0.128368 -0.024190  0.045594 -0.006147  0.150031   
8343  0.031209  0.108385  0.106447 -0.049402  0.081493  0.006668  0.076019   
8344  0.088868  0.108645  0.206003 -0.067796  0.012854 -0.025273  0.101248   
8345  0.067713  0.087925  0.135922 -0.054123 -0.003386 -0.003478  0.030659   
8346  0.115846  0.066378  0.094413 -0.062364 -0.068280 -0.017987  0.118318   
8347  0.053153  0.155456  0.111636 -0.049973  0.069527 -0.013471  0.070830   
8348  0.074559  0.086924  0.165182 -0.084065  0.044953 -0.014858  0.113274   
8349  0.115026  0.031968  0.040350 -0.034790 -0.019665  0.048729  0.071140   
8350 -0.006402  0.167408  0.086278 -0.050585  0.122741 -0.018484  0.178728   
8351  0.027617 -0.077602 -0.101669  0.092612  0.178472 -0.009080  0.119955   
8352  0.047233 -0.041466 -0.075211  0.019807  0.030504  0.063736  0.120064   
8353 -0.037332 -0.062032 -0.086051  0.128667  0.132085  0.042030  0.062966   
8354  0.045700 -0.093568 -0.097131  0.069105  0.164442 -0.005889  0.110754   
8355 -0.021061 -0.058061 -0.106677  0.115832  0.152936  0.003569  0.083047   
8356 -0.025636 -0.127136 -0.080940  0.046495 -0.010038  0.113340  0.123259   
8357  0.006169 -0.070995 -0.069457  0.044802  0.032227  0.068843  0.113030   
8358 -0.087606 -0.081197 -0.093803  0.090293  0.116981  0.023532  0.054238   
8359 -0.069824  0.052155  0.175878  0.000487  0.044867 -0.074894  0.062586   
8360 -0.028573 -0.015245  0.301291 -0.026758  0.025801 -0.054504  0.114823   
8361 -0.038257 -0.003787  0.286087  0.002594  0.042397 -0.101371  0.097803   
8362 -0.079926  0.034800  0.191657 -0.025726  0.052481 -0.068866  0.119159   
8363 -0.103031 -0.013177  0.039106  0.027648  0.129990 -0.051241  0.054242   
8364 -0.019913  0.001305  0.285424 -0.030843  0.028592 -0.062611  0.133054   
8365 -0.058392  0.058577  0.220255 -0.023567  0.082966 -0.073601  0.181725   
8366 -0.050498  0.032413  0.226967 -0.024946  0.121069 -0.051701  0.164334   

           127  
22    0.166122  
23    0.128369  
24    0.122754  
25    0.118837  
26    0.137247  
27    0.143219  
28    0.109565  
29    0.171109  
30    0.036983  
31    0.063146  
32    0.076609  
33    0.081224  
34    0.071712  
35    0.063442  
36    0.132490  
37    0.040466  
38    0.080027  
39    0.048841  
40    0.076360  
41    0.085043  
42    0.074327  
43    0.050939  
44    0.014272  
45    0.048976  
46    0.055734  
47    0.050132  
48   -0.003329  
49    0.087919  
50    0.043643  
51    0.057431  
...        ...  
8337  0.129356  
8338 -0.009409  
8339  0.071682  
8340  0.075807  
8341 -0.014708  
8342  0.071300  
8343  0.036766  
8344  0.045367  
8345  0.023570  
8346  0.144183  
8347  0.025531  
8348  0.066118  
8349  0.060369  
8350  0.063186  
8351  0.067570  
8352  0.095676  
8353 -0.039242  
8354  0.085954  
8355 -0.005722  
8356  0.149902  
8357  0.149419  
8358  0.003158  
8359 -0.114316  
8360 -0.073136  
8361 -0.058499  
8362 -0.081721  
8363 -0.049241  
8364 -0.046437  
8365 -0.044475  
8366 -0.054587  

[7164 rows x 133 columns] 
2018-07-01 16:30:34,073 - (116009, 128) (116009,) train shape 
2018-07-01 16:30:34,073 - (7164, 128) (7164,) test shape 
2018-07-01 17:34:58,752 - (116009, 128) (116009,) train shape 
2018-07-01 17:34:58,753 - (7164, 128) (7164,) test shape 
2018-07-01 17:35:15,776 - ===Default - Fold  0  - Param set number  0  ====== 
2018-07-01 17:35:47,460 - (116009, 128) (116009,) train shape 
2018-07-01 17:35:47,461 - (7164, 128) (7164,) test shape 
2018-07-01 17:35:57,009 - ===Default - Fold  0  - Param set number  0  ====== 
2018-07-01 17:36:19,498 - (116009, 128) (116009,) train shape 
2018-07-01 17:36:19,499 - (7164, 128) (7164,) test shape 
2018-07-01 17:36:23,707 - ===Default - Fold  0  - Param set number  0  ====== 
2018-07-01 17:36:56,778 - ===Default - Fold  0  - Param set number  0  ====== 
2018-07-01 17:36:57,239 - None 
2018-07-01 17:40:01,575 - ===Default - Fold  0  - Param set number  0  ====== 
2018-07-01 17:40:02,270 - None 
2018-07-01 17:40:40,277 - ===Default - Fold  0  - Param set number  0  ====== 
2018-07-01 17:40:40,634 - None 
2018-07-01 17:45:24,477 - (116009, 128) (116009,) train shape 
2018-07-01 17:45:24,477 - (7164, 128) (7164,) test shape 
2018-07-01 17:45:30,683 - ===Default - Fold  0  - Param set number  0  ====== 
2018-07-01 17:45:31,279 - None 
2018-07-01 17:47:30,517 - (116009, 128) (116009,) train shape 
2018-07-01 17:47:30,517 - (7164, 128) (7164,) test shape 
2018-07-01 17:47:32,134 - ===Default - Fold  0  - Param set number  0  ====== 
2018-07-01 17:47:32,733 - None 
2018-07-01 17:47:50,034 - ===== IMPORTING ||| SCRIPT STARTS ||| LOGGING PURPOSE ====== 
2018-07-01 17:47:57,578 - (116009, 128) (116009,) train shape 
2018-07-01 17:47:57,578 - (7164, 128) (7164,) test shape 
2018-07-01 17:47:57,824 - ===Default - Fold  0  - Param set number  0  ====== 
2018-07-01 17:47:58,175 - None 
2018-07-01 17:51:33,377 - (116009, 128) (116009,) train shape 
2018-07-01 17:51:33,378 - (7164, 128) (7164,) test shape 
2018-07-01 17:51:36,286 - ===Default - Fold  0  - Param set number  0  ====== 
2018-07-01 17:51:36,934 - None 
2018-07-01 17:51:52,878 - epoch: 1 logs: {'val_categorical_accuracy': 0.8723385914442159, 'loss': 0.4032656675658914, 'categorical_accuracy': 0.858899701172324, 'val_loss': 0.3551762372591857}
2018-07-01 17:52:04,982 - epoch: 2 logs: {'val_categorical_accuracy': 0.8738901818757344, 'loss': 0.3593180252737345, 'categorical_accuracy': 0.873888974034113, 'val_loss': 0.3475883450500719}
2018-07-01 17:52:17,166 - epoch: 3 logs: {'val_categorical_accuracy': 0.8768209637048872, 'loss': 0.3559433220424065, 'categorical_accuracy': 0.8745211094980925, 'val_loss': 0.3457937083342663}
2018-07-01 17:52:29,253 - epoch: 4 logs: {'val_categorical_accuracy': 0.8766485647737605, 'loss': 0.354201564205788, 'categorical_accuracy': 0.8758045360737126, 'val_loss': 0.3485203877806859}
2018-07-01 17:52:41,378 - epoch: 5 logs: {'val_categorical_accuracy': 0.8755279717214374, 'loss': 0.3527834270637288, 'categorical_accuracy': 0.8761014481557575, 'val_loss': 0.34426056274144096}
2018-07-01 17:52:53,422 - epoch: 6 logs: {'val_categorical_accuracy': 0.8777691577747047, 'loss': 0.35145352681828007, 'categorical_accuracy': 0.8759865144296365, 'val_loss': 0.34224732033282185}
2018-07-01 17:53:05,468 - epoch: 7 logs: {'val_categorical_accuracy': 0.8746659770658043, 'loss': 0.350189129012945, 'categorical_accuracy': 0.877097540441194, 'val_loss': 0.34389506908400636}
2018-07-01 17:53:17,682 - epoch: 8 logs: {'val_categorical_accuracy': 0.8772519610327036, 'loss': 0.3495899686575137, 'categorical_accuracy': 0.8770496513540101, 'val_loss': 0.3440015676586538}
2018-07-01 17:53:29,767 - epoch: 9 logs: {'val_categorical_accuracy': 0.8765623653081972, 'loss': 0.3493630162816095, 'categorical_accuracy': 0.877087962585394, 'val_loss': 0.3418236645274959}
2018-07-01 17:53:41,892 - epoch: 10 logs: {'val_categorical_accuracy': 0.8780277562227735, 'loss': 0.34846013814551136, 'categorical_accuracy': 0.8771933184968184, 'val_loss': 0.3460188150154127}
2018-07-01 17:53:54,050 - epoch: 11 logs: {'val_categorical_accuracy': 0.8784587535505901, 'loss': 0.34859006999370357, 'categorical_accuracy': 0.8774806528189714, 'val_loss': 0.34200824343863256}
2018-07-01 17:54:06,215 - epoch: 12 logs: {'val_categorical_accuracy': 0.8779415567572102, 'loss': 0.34896523623336423, 'categorical_accuracy': 0.8772986744402121, 'val_loss': 0.3404985983950672}
2018-07-01 17:54:18,325 - epoch: 13 logs: {'val_categorical_accuracy': 0.8782863546708424, 'loss': 0.3469379556817521, 'categorical_accuracy': 0.8777679871091549, 'val_loss': 0.33975063787535464}
2018-07-01 17:54:30,468 - epoch: 14 logs: {'val_categorical_accuracy': 0.8769933626360137, 'loss': 0.3461974497732372, 'categorical_accuracy': 0.8782372998283353, 'val_loss': 0.3398290804162867}
2018-07-01 17:54:42,706 - epoch: 15 logs: {'val_categorical_accuracy': 0.8791483491723388, 'loss': 0.34649741266223355, 'categorical_accuracy': 0.8780840548799647, 'val_loss': 0.34290082089788554}
2018-07-01 17:54:54,853 - epoch: 16 logs: {'val_categorical_accuracy': 0.8776829583605202, 'loss': 0.34622934852036635, 'categorical_accuracy': 0.8781415217316075, 'val_loss': 0.34274681661984147}
2018-07-01 17:55:07,087 - epoch: 17 logs: {'val_categorical_accuracy': 0.8794931471887287, 'loss': 0.3466755293761256, 'categorical_accuracy': 0.8783043445083759, 'val_loss': 0.3402628651000068}
2018-07-01 17:55:19,273 - epoch: 18 logs: {'val_categorical_accuracy': 0.8781139556883368, 'loss': 0.3459253056315515, 'categorical_accuracy': 0.8783043444946748, 'val_loss': 0.3416697587877314}
2018-07-01 17:55:31,483 - epoch: 19 logs: {'val_categorical_accuracy': 0.8784587534992112, 'loss': 0.3456713338549882, 'categorical_accuracy': 0.878151099546304, 'val_loss': 0.34073887202937214}
2018-07-01 17:55:43,610 - epoch: 20 logs: {'val_categorical_accuracy': 0.8786311525330955, 'loss': 0.34537619620426874, 'categorical_accuracy': 0.8786874568998544, 'val_loss': 0.3385969108959157}
2018-07-01 17:55:55,809 - epoch: 21 logs: {'val_categorical_accuracy': 0.8773381604468881, 'loss': 0.34582062392716717, 'categorical_accuracy': 0.8778829208626783, 'val_loss': 0.339574036372344}
2018-07-01 17:56:07,967 - epoch: 22 logs: {'val_categorical_accuracy': 0.8778553572916469, 'loss': 0.3452227894930664, 'categorical_accuracy': 0.8783043445038089, 'val_loss': 0.34115622025318737}
2018-07-01 17:56:20,162 - epoch: 23 logs: {'val_categorical_accuracy': 0.8772519609813247, 'loss': 0.3444253837648511, 'categorical_accuracy': 0.8784480116648853, 'val_loss': 0.340055421507263}
2018-07-01 17:56:32,411 - epoch: 24 logs: {'val_categorical_accuracy': 0.8786311524817167, 'loss': 0.3444326484206079, 'categorical_accuracy': 0.8784671672851443, 'val_loss': 0.3405321595222002}
2018-07-01 17:56:44,542 - epoch: 25 logs: {'val_categorical_accuracy': 0.8776829583605202, 'loss': 0.34417290051278826, 'categorical_accuracy': 0.8797410160140985, 'val_loss': 0.3405681612902433}
2018-07-01 17:56:56,757 - epoch: 26 logs: {'val_categorical_accuracy': 0.8783725540850268, 'loss': 0.3445758726686164, 'categorical_accuracy': 0.8786012566041219, 'val_loss': 0.33962363713456173}
2018-07-01 17:57:09,052 - epoch: 27 logs: {'val_categorical_accuracy': 0.8793207482062232, 'loss': 0.344539678258445, 'categorical_accuracy': 0.878716190339377, 'val_loss': 0.33889746566279555}
2018-07-01 17:57:21,311 - epoch: 28 logs: {'val_categorical_accuracy': 0.8790621498095332, 'loss': 0.34449905219201193, 'categorical_accuracy': 0.8787161903211088, 'val_loss': 0.34003830215261166}
2018-07-01 17:57:33,544 - epoch: 29 logs: {'val_categorical_accuracy': 0.8778553572916469, 'loss': 0.34346060302876646, 'categorical_accuracy': 0.8798559497265184, 'val_loss': 0.33853958314497423}
2018-07-01 17:57:45,767 - epoch: 30 logs: {'val_categorical_accuracy': 0.8785449530161534, 'loss': 0.34362713414292234, 'categorical_accuracy': 0.8789747912174404, 'val_loss': 0.3386790232096918}
2018-07-01 17:57:58,004 - epoch: 31 logs: {'val_categorical_accuracy': 0.8786311524817167, 'loss': 0.3441651089717927, 'categorical_accuracy': 0.8786204122152468, 'val_loss': 0.33907876398972153}
2018-07-01 17:58:10,211 - epoch: 32 logs: {'val_categorical_accuracy': 0.8781139556883368, 'loss': 0.34349681357206235, 'categorical_accuracy': 0.8790514136939093, 'val_loss': 0.3383852822669014}
2018-07-01 17:58:22,288 - epoch: 33 logs: {'val_categorical_accuracy': 0.8785449530161534, 'loss': 0.3425839909483451, 'categorical_accuracy': 0.8795494598206428, 'val_loss': 0.33933534292648215}
2018-07-01 17:58:34,440 - epoch: 34 logs: {'val_categorical_accuracy': 0.8777691578260836, 'loss': 0.3436527689173161, 'categorical_accuracy': 0.8790418358746456, 'val_loss': 0.3430266235164708}
2018-07-01 17:58:46,635 - epoch: 35 logs: {'val_categorical_accuracy': 0.8784587536019689, 'loss': 0.3424245219592911, 'categorical_accuracy': 0.8796931269406157, 'val_loss': 0.33853623069069444}
2018-07-01 17:58:58,801 - epoch: 36 logs: {'val_categorical_accuracy': 0.8783725540850268, 'loss': 0.34228593365423216, 'categorical_accuracy': 0.8796643935467637, 'val_loss': 0.3460575247795333}
2018-07-01 17:59:11,024 - epoch: 37 logs: {'val_categorical_accuracy': 0.8788035514128433, 'loss': 0.3434584453255543, 'categorical_accuracy': 0.8794536817193479, 'val_loss': 0.33978895239712464}
2018-07-01 17:59:23,217 - epoch: 38 logs: {'val_categorical_accuracy': 0.8793207482062232, 'loss': 0.34176314340661873, 'categorical_accuracy': 0.8802773733950513, 'val_loss': 0.33936347292267177}
2018-07-01 17:59:35,330 - epoch: 39 logs: {'val_categorical_accuracy': 0.8798379449996031, 'loss': 0.34271487942117174, 'categorical_accuracy': 0.8794345260671195, 'val_loss': 0.33852655911649077}
2018-07-01 17:59:47,529 - epoch: 40 logs: {'val_categorical_accuracy': 0.8791483492750966, 'loss': 0.34230624313884633, 'categorical_accuracy': 0.8796452379310719, 'val_loss': 0.33746096448655394}
2018-07-01 17:59:59,723 - epoch: 41 logs: {'val_categorical_accuracy': 0.8786311525330955, 'loss': 0.34154353050854586, 'categorical_accuracy': 0.8794919929415976, 'val_loss': 0.34026617163954576}
2018-07-01 18:00:11,939 - epoch: 42 logs: {'val_categorical_accuracy': 0.8775105594293936, 'loss': 0.3414135287273123, 'categorical_accuracy': 0.8795303041866827, 'val_loss': 0.34513129553767324}
2018-07-01 18:00:24,208 - epoch: 43 logs: {'val_categorical_accuracy': 0.8788035514128433, 'loss': 0.3414779976518407, 'categorical_accuracy': 0.8800475059336752, 'val_loss': 0.3477488185720047}
2018-07-01 18:00:36,424 - epoch: 44 logs: {'val_categorical_accuracy': 0.8793207482062232, 'loss': 0.3419616995972332, 'categorical_accuracy': 0.8798942609761704, 'val_loss': 0.3397967206919032}
2018-07-01 18:00:48,653 - epoch: 45 logs: {'val_categorical_accuracy': 0.8796655460684765, 'loss': 0.34078719699787424, 'categorical_accuracy': 0.8798559497447865, 'val_loss': 0.3387452631035341}
2018-07-01 18:01:00,832 - epoch: 46 logs: {'val_categorical_accuracy': 0.8785449530161534, 'loss': 0.3406192058759141, 'categorical_accuracy': 0.8804593517738104, 'val_loss': 0.3381662329700772}
2018-07-01 18:01:13,126 - epoch: 47 logs: {'val_categorical_accuracy': 0.8787173520500378, 'loss': 0.34023394758477904, 'categorical_accuracy': 0.8804114627459982, 'val_loss': 0.33863893404324275}
2018-07-01 18:01:25,283 - epoch: 48 logs: {'val_categorical_accuracy': 0.8784587535505901, 'loss': 0.3413811262613347, 'categorical_accuracy': 0.8792525477203297, 'val_loss': 0.3380476725444682}
2018-07-01 18:01:37,512 - epoch: 49 logs: {'val_categorical_accuracy': 0.8784587535505901, 'loss': 0.3405012593658644, 'categorical_accuracy': 0.8801720174790598, 'val_loss': 0.33865467287293693}
2018-07-01 18:01:49,704 - epoch: 50 logs: {'val_categorical_accuracy': 0.8780277562741524, 'loss': 0.3406764986085559, 'categorical_accuracy': 0.880631752337873, 'val_loss': 0.3384263652551278}
2018-07-01 18:02:01,890 - epoch: 51 logs: {'val_categorical_accuracy': 0.8788897508784066, 'loss': 0.34109819858396256, 'categorical_accuracy': 0.880775419530919, 'val_loss': 0.33798696879230383}
2018-07-01 18:02:14,036 - epoch: 52 logs: {'val_categorical_accuracy': 0.8789759503953488, 'loss': 0.34063346175094844, 'categorical_accuracy': 0.8795781932601654, 'val_loss': 0.3405892208505012}
2018-07-01 18:02:26,226 - epoch: 53 logs: {'val_categorical_accuracy': 0.8781139556883368, 'loss': 0.3411005692170156, 'categorical_accuracy': 0.8797410160049645, 'val_loss': 0.3385992904087971}
2018-07-01 18:02:38,423 - epoch: 54 logs: {'val_categorical_accuracy': 0.8782863546708424, 'loss': 0.34079637241842153, 'categorical_accuracy': 0.8805742854953643, 'val_loss': 0.3389465285317568}
2018-07-01 18:02:50,612 - epoch: 55 logs: {'val_categorical_accuracy': 0.8790621498609121, 'loss': 0.34019240772812753, 'categorical_accuracy': 0.8803635736542473, 'val_loss': 0.33803260942932123}
2018-07-01 18:03:02,765 - epoch: 56 logs: {'val_categorical_accuracy': 0.8783725540850268, 'loss': 0.34032257674809263, 'categorical_accuracy': 0.8803635736816496, 'val_loss': 0.33871202895162683}
2018-07-01 18:03:14,945 - epoch: 57 logs: {'val_categorical_accuracy': 0.8775967589463358, 'loss': 0.34027887199054907, 'categorical_accuracy': 0.8800091947159925, 'val_loss': 0.33862623911707085}
2018-07-01 18:03:27,076 - epoch: 58 logs: {'val_categorical_accuracy': 0.8793207482062232, 'loss': 0.3395552989390881, 'categorical_accuracy': 0.8807179526518738, 'val_loss': 0.3389942161600792}
2018-07-01 18:03:39,205 - epoch: 59 logs: {'val_categorical_accuracy': 0.8791483492750966, 'loss': 0.340502416125733, 'categorical_accuracy': 0.8804210405332925, 'val_loss': 0.33781165435605803}
2018-07-01 18:03:51,356 - epoch: 60 logs: {'val_categorical_accuracy': 0.8796655461198554, 'loss': 0.3407254704715886, 'categorical_accuracy': 0.880353995862386, 'val_loss': 0.3384433317036477}
2018-07-01 18:04:03,537 - epoch: 61 logs: {'val_categorical_accuracy': 0.8792345487406599, 'loss': 0.3405005159542283, 'categorical_accuracy': 0.8804018849267347, 'val_loss': 0.3390398137210392}
2018-07-01 18:04:15,634 - epoch: 62 logs: {'val_categorical_accuracy': 0.8773381606010248, 'loss': 0.34060113962404887, 'categorical_accuracy': 0.8799613056470769, 'val_loss': 0.33861129607180973}
2018-07-01 18:04:27,763 - epoch: 63 logs: {'val_categorical_accuracy': 0.8783725540850268, 'loss': 0.3404858277936647, 'categorical_accuracy': 0.8800570837620729, 'val_loss': 0.33906112842113434}
2018-07-01 18:04:39,911 - epoch: 64 logs: {'val_categorical_accuracy': 0.8786311524817167, 'loss': 0.3398740965327525, 'categorical_accuracy': 0.8802007509185824, 'val_loss': 0.33719166774203496}
2018-07-01 18:04:52,068 - epoch: 65 logs: {'val_categorical_accuracy': 0.8791483493264755, 'loss': 0.3398572440193436, 'categorical_accuracy': 0.8807466860731281, 'val_loss': 0.3385505830123603}
2018-07-01 18:05:04,286 - epoch: 66 logs: {'val_categorical_accuracy': 0.8779415567572102, 'loss': 0.3390170562626731, 'categorical_accuracy': 0.8802294843352697, 'val_loss': 0.34190122979322946}
2018-07-01 18:05:16,483 - epoch: 67 logs: {'val_categorical_accuracy': 0.8788035514128433, 'loss': 0.34015683282536935, 'categorical_accuracy': 0.8805838633054939, 'val_loss': 0.3370170052370504}
2018-07-01 18:05:28,577 - epoch: 68 logs: {'val_categorical_accuracy': 0.8790621498095332, 'loss': 0.3390171950315207, 'categorical_accuracy': 0.8807371082812668, 'val_loss': 0.33870022491220464}
2018-07-01 18:05:40,732 - epoch: 69 logs: {'val_categorical_accuracy': 0.8781139556883368, 'loss': 0.3399069558504523, 'categorical_accuracy': 0.8804306183297208, 'val_loss': 0.3400058506013155}
2018-07-01 18:05:52,899 - epoch: 70 logs: {'val_categorical_accuracy': 0.8778553572916469, 'loss': 0.3392188206124366, 'categorical_accuracy': 0.8810435982054106, 'val_loss': 0.3410542360637406}
2018-07-01 18:06:05,087 - epoch: 71 logs: {'val_categorical_accuracy': 0.8783725540850268, 'loss': 0.33952087382002083, 'categorical_accuracy': 0.88012412840101, 'val_loss': 0.34062832780680097}
2018-07-01 18:06:17,275 - epoch: 72 logs: {'val_categorical_accuracy': 0.8791483492750966, 'loss': 0.33873220136655025, 'categorical_accuracy': 0.880507240838159, 'val_loss': 0.3384663240810518}
2018-07-01 18:06:29,365 - epoch: 73 logs: {'val_categorical_accuracy': 0.8783725541364057, 'loss': 0.3378748589914408, 'categorical_accuracy': 0.8809478201086828, 'val_loss': 0.33918307190485614}
2018-07-01 18:06:41,445 - epoch: 74 logs: {'val_categorical_accuracy': 0.8794069477231654, 'loss': 0.3389277978629758, 'categorical_accuracy': 0.8807275304802715, 'val_loss': 0.3377272544231058}
2018-07-01 18:06:53,504 - epoch: 75 logs: {'val_categorical_accuracy': 0.8779415567572102, 'loss': 0.3384270899214148, 'categorical_accuracy': 0.8807754194852484, 'val_loss': 0.33787650288913634}
2018-07-01 18:07:05,615 - epoch: 76 logs: {'val_categorical_accuracy': 0.8796655461198554, 'loss': 0.33921102848457435, 'categorical_accuracy': 0.8807849973227803, 'val_loss': 0.3384314043471941}
2018-07-01 18:07:17,729 - epoch: 77 logs: {'val_categorical_accuracy': 0.8793207482062232, 'loss': 0.3392255176585183, 'categorical_accuracy': 0.880009194679456, 'val_loss': 0.34247312226662113}
2018-07-01 18:07:29,912 - epoch: 78 logs: {'val_categorical_accuracy': 0.8786311525330955, 'loss': 0.33882023400844224, 'categorical_accuracy': 0.8801624396780644, 'val_loss': 0.33929468014560665}
2018-07-01 18:07:42,017 - epoch: 79 logs: {'val_categorical_accuracy': 0.8794069476717865, 'loss': 0.3383872129845716, 'categorical_accuracy': 0.8806317523470072, 'val_loss': 0.33790698969130906}
2018-07-01 18:07:54,036 - epoch: 80 logs: {'val_categorical_accuracy': 0.879234548689281, 'loss': 0.33891363313952383, 'categorical_accuracy': 0.880449773963681, 'val_loss': 0.3392217964301304}
2018-07-01 18:07:54,897 - ===Default - Fold  1  - Param set number  0  ====== 
2018-07-01 18:07:55,406 - None 
2018-07-01 18:08:09,756 - epoch: 1 logs: {'val_categorical_accuracy': 0.8714765968399617, 'loss': 0.4086124279651411, 'categorical_accuracy': 0.8566393379634957, 'val_loss': 0.3682288335126162}
2018-07-01 18:08:21,893 - epoch: 2 logs: {'val_categorical_accuracy': 0.8755279716700585, 'loss': 0.3584549311554466, 'categorical_accuracy': 0.8740901080468324, 'val_loss': 0.348406953402053}
2018-07-01 18:08:34,028 - epoch: 3 logs: {'val_categorical_accuracy': 0.8766485648251394, 'loss': 0.355970908552648, 'categorical_accuracy': 0.8750000000182683, 'val_loss': 0.34791479406094983}
2018-07-01 18:08:46,080 - epoch: 4 logs: {'val_categorical_accuracy': 0.8766485648251394, 'loss': 0.3524891661301526, 'categorical_accuracy': 0.8766569611615362, 'val_loss': 0.3476803633208193}
2018-07-01 18:08:58,191 - epoch: 5 logs: {'val_categorical_accuracy': 0.8761313679290017, 'loss': 0.35224558102583103, 'categorical_accuracy': 0.8760152478919944, 'val_loss': 0.3505248589825398}
2018-07-01 18:09:10,488 - epoch: 6 logs: {'val_categorical_accuracy': 0.8761313680317595, 'loss': 0.3508464378462414, 'categorical_accuracy': 0.8765420274262812, 'val_loss': 0.34621854480582365}
2018-07-01 18:09:22,657 - epoch: 7 logs: {'val_categorical_accuracy': 0.8763899663770706, 'loss': 0.35046083314621024, 'categorical_accuracy': 0.8764175159037318, 'val_loss': 0.35147960451273824}
2018-07-01 18:09:34,777 - epoch: 8 logs: {'val_categorical_accuracy': 0.8752693732733686, 'loss': 0.34882412332153423, 'categorical_accuracy': 0.8770688069742691, 'val_loss': 0.3468665091136069}
2018-07-01 18:09:46,863 - epoch: 9 logs: {'val_categorical_accuracy': 0.877079562101577, 'loss': 0.34805317925827756, 'categorical_accuracy': 0.8772986744356451, 'val_loss': 0.3468843465524032}
2018-07-01 18:09:59,035 - epoch: 10 logs: {'val_categorical_accuracy': 0.8766485648251394, 'loss': 0.3485926299631874, 'categorical_accuracy': 0.8770113401134921, 'val_loss': 0.3451894101125702}
2018-07-01 18:10:11,169 - epoch: 11 logs: {'val_categorical_accuracy': 0.8767347642907026, 'loss': 0.34858567764152376, 'categorical_accuracy': 0.8772124741399127, 'val_loss': 0.34897666611339334}
2018-07-01 18:10:23,300 - epoch: 12 logs: {'val_categorical_accuracy': 0.8777691578774625, 'loss': 0.3472652787765263, 'categorical_accuracy': 0.8782277219953706, 'val_loss': 0.34515805736038974}
2018-07-01 18:10:35,472 - epoch: 13 logs: {'val_categorical_accuracy': 0.8782001551539002, 'loss': 0.3476416388673989, 'categorical_accuracy': 0.8773082522320734, 'val_loss': 0.34448561079028805}
2018-07-01 18:10:47,658 - epoch: 14 logs: {'val_categorical_accuracy': 0.8777691578774625, 'loss': 0.34644628418751505, 'categorical_accuracy': 0.8789173243201269, 'val_loss': 0.34842769137673024}
2018-07-01 18:10:59,803 - epoch: 15 logs: {'val_categorical_accuracy': 0.8771657616185192, 'loss': 0.3464375434479177, 'categorical_accuracy': 0.878697034709984, 'val_loss': 0.34472448031672753}
2018-07-01 18:11:11,902 - epoch: 16 logs: {'val_categorical_accuracy': 0.8783725540850268, 'loss': 0.34659602887812596, 'categorical_accuracy': 0.8779786989411379, 'val_loss': 0.34516315059038744}
2018-07-01 18:11:24,026 - epoch: 17 logs: {'val_categorical_accuracy': 0.8769071631704505, 'loss': 0.3451382087483807, 'categorical_accuracy': 0.8786683012567602, 'val_loss': 0.34447866726534065}
2018-07-01 18:11:36,244 - epoch: 18 logs: {'val_categorical_accuracy': 0.8772519610327036, 'loss': 0.34556666869933045, 'categorical_accuracy': 0.8785437897296439, 'val_loss': 0.3453769051877602}
2018-07-01 18:11:48,332 - epoch: 19 logs: {'val_categorical_accuracy': 0.8769933626360137, 'loss': 0.34526944689554834, 'categorical_accuracy': 0.8787066125292475, 'val_loss': 0.3428891386983518}
2018-07-01 18:12:00,521 - epoch: 20 logs: {'val_categorical_accuracy': 0.8772519609813247, 'loss': 0.3447163383726982, 'categorical_accuracy': 0.8783905447995414, 'val_loss': 0.35376473162032623}
2018-07-01 18:12:12,631 - epoch: 21 logs: {'val_categorical_accuracy': 0.8777691578260836, 'loss': 0.34487959883668107, 'categorical_accuracy': 0.8789556355926144, 'val_loss': 0.34216323716097297}
2018-07-01 18:12:24,748 - epoch: 22 logs: {'val_categorical_accuracy': 0.877941556859968, 'loss': 0.3445865468256008, 'categorical_accuracy': 0.8791663473834938, 'val_loss': 0.3456891762723225}
2018-07-01 18:12:36,860 - epoch: 23 logs: {'val_categorical_accuracy': 0.8769933626360137, 'loss': 0.3458879440337815, 'categorical_accuracy': 0.8790131024670924, 'val_loss': 0.3447111403312203}
2018-07-01 18:12:49,017 - epoch: 24 logs: {'val_categorical_accuracy': 0.8780277562227735, 'loss': 0.34431207850010276, 'categorical_accuracy': 0.8790993027262884, 'val_loss': 0.34184410153622363}
2018-07-01 18:13:01,174 - epoch: 25 logs: {'val_categorical_accuracy': 0.8778553572916469, 'loss': 0.3438047494785821, 'categorical_accuracy': 0.8793195923821021, 'val_loss': 0.342663198244509}
2018-07-01 18:13:13,347 - epoch: 26 logs: {'val_categorical_accuracy': 0.8780277562227735, 'loss': 0.34337165924326485, 'categorical_accuracy': 0.879262125507624, 'val_loss': 0.34346039462845834}
2018-07-01 18:13:25,481 - epoch: 27 logs: {'val_categorical_accuracy': 0.8786311524817167, 'loss': 0.3431216567542377, 'categorical_accuracy': 0.8795590376353394, 'val_loss': 0.34357822265833393}
2018-07-01 18:13:37,568 - epoch: 28 logs: {'val_categorical_accuracy': 0.8790621497581543, 'loss': 0.34416011151669357, 'categorical_accuracy': 0.8793004367618431, 'val_loss': 0.35196821832798664}
2018-07-01 18:13:49,694 - epoch: 29 logs: {'val_categorical_accuracy': 0.8789759503439699, 'loss': 0.34364350981917313, 'categorical_accuracy': 0.8797122825882772, 'val_loss': 0.3420568454492689}
2018-07-01 18:14:01,764 - epoch: 30 logs: {'val_categorical_accuracy': 0.8788897509297855, 'loss': 0.3430943764559511, 'categorical_accuracy': 0.8793100145674055, 'val_loss': 0.341444621295952}
2018-07-01 18:14:13,862 - epoch: 31 logs: {'val_categorical_accuracy': 0.8784587535505901, 'loss': 0.34386261006523644, 'categorical_accuracy': 0.8785916787894253, 'val_loss': 0.34053889737490095}
2018-07-01 18:14:26,031 - epoch: 32 logs: {'val_categorical_accuracy': 0.8790621498095332, 'loss': 0.3423615640908327, 'categorical_accuracy': 0.8800570837255365, 'val_loss': 0.3431904446142581}
2018-07-01 18:14:38,201 - epoch: 33 logs: {'val_categorical_accuracy': 0.8788035513614645, 'loss': 0.342242752068911, 'categorical_accuracy': 0.879693126954317, 'val_loss': 0.3440153094809915}
2018-07-01 18:14:50,425 - epoch: 34 logs: {'val_categorical_accuracy': 0.8779415567058313, 'loss': 0.34281329608869665, 'categorical_accuracy': 0.8799038388000011, 'val_loss': 0.34212802368118356}
2018-07-01 18:15:02,493 - epoch: 35 logs: {'val_categorical_accuracy': 0.8780277562741524, 'loss': 0.34241056357085153, 'categorical_accuracy': 0.8789077465145645, 'val_loss': 0.34385260328446243}
2018-07-01 18:15:14,573 - epoch: 36 logs: {'val_categorical_accuracy': 0.8786311524817167, 'loss': 0.3424501514199154, 'categorical_accuracy': 0.8795303041866827, 'val_loss': 0.3421439970811784}
2018-07-01 18:15:26,746 - epoch: 37 logs: {'val_categorical_accuracy': 0.8793207481034654, 'loss': 0.34266556088892075, 'categorical_accuracy': 0.8793866370210391, 'val_loss': 0.34706090467878997}
2018-07-01 18:15:38,793 - epoch: 38 logs: {'val_categorical_accuracy': 0.8790621498095332, 'loss': 0.3428705906321761, 'categorical_accuracy': 0.8797793272591835, 'val_loss': 0.3417396364325275}
2018-07-01 18:15:50,882 - epoch: 39 logs: {'val_categorical_accuracy': 0.8783725540850268, 'loss': 0.34277988632660095, 'categorical_accuracy': 0.8801145506091487, 'val_loss': 0.34087893227833777}
2018-07-01 18:16:02,968 - epoch: 40 logs: {'val_categorical_accuracy': 0.8786311524817167, 'loss': 0.34198810324231543, 'categorical_accuracy': 0.8803156846447033, 'val_loss': 0.3417361609874722}
2018-07-01 18:16:15,079 - epoch: 41 logs: {'val_categorical_accuracy': 0.8784587535505901, 'loss': 0.34202825027940353, 'categorical_accuracy': 0.8797410159958303, 'val_loss': 0.34399255542968454}
2018-07-01 18:16:27,208 - epoch: 42 logs: {'val_categorical_accuracy': 0.8774243599124514, 'loss': 0.34147496564289076, 'categorical_accuracy': 0.8801432840395372, 'val_loss': 0.34612668986598355}
2018-07-01 18:16:39,299 - epoch: 43 logs: {'val_categorical_accuracy': 0.8785449530161534, 'loss': 0.3415670305885544, 'categorical_accuracy': 0.8802677955940559, 'val_loss': 0.34149766545821425}
2018-07-01 18:16:51,470 - epoch: 44 logs: {'val_categorical_accuracy': 0.8794069477231654, 'loss': 0.342110639855776, 'categorical_accuracy': 0.8795781932601654, 'val_loss': 0.34075407598688834}
2018-07-01 18:17:03,579 - epoch: 45 logs: {'val_categorical_accuracy': 0.8782863545167057, 'loss': 0.3406658094350921, 'categorical_accuracy': 0.8800475059473764, 'val_loss': 0.34581307680604173}
2018-07-01 18:17:15,754 - epoch: 46 logs: {'val_categorical_accuracy': 0.8791483492750966, 'loss': 0.3415391407961243, 'categorical_accuracy': 0.8795015707608612, 'val_loss': 0.34125293315397176}
2018-07-01 18:17:27,898 - epoch: 47 logs: {'val_categorical_accuracy': 0.8789759503439699, 'loss': 0.3413842364514288, 'categorical_accuracy': 0.8793483257850881, 'val_loss': 0.3404495175537719}
2018-07-01 18:17:40,060 - epoch: 48 logs: {'val_categorical_accuracy': 0.8781139556883368, 'loss': 0.34085311580732786, 'categorical_accuracy': 0.8802965290198773, 'val_loss': 0.34244736394289493}
2018-07-01 18:17:52,183 - epoch: 49 logs: {'val_categorical_accuracy': 0.8782863545680846, 'loss': 0.34055415933072436, 'categorical_accuracy': 0.8801528618268314, 'val_loss': 0.3409220111230336}
2018-07-01 18:18:04,338 - epoch: 50 logs: {'val_categorical_accuracy': 0.8788035514128433, 'loss': 0.3420867576182423, 'categorical_accuracy': 0.8797697494673223, 'val_loss': 0.3399496623826699}
2018-07-01 18:18:16,501 - epoch: 51 logs: {'val_categorical_accuracy': 0.8771657615157615, 'loss': 0.3407539753756407, 'categorical_accuracy': 0.8806030189257528, 'val_loss': 0.3441636134875087}
2018-07-01 18:18:28,690 - epoch: 52 logs: {'val_categorical_accuracy': 0.879234548689281, 'loss': 0.3409991039210248, 'categorical_accuracy': 0.8798559497584877, 'val_loss': 0.34283737644441437}
2018-07-01 18:18:40,888 - epoch: 53 logs: {'val_categorical_accuracy': 0.8794069476717865, 'loss': 0.3395334743885288, 'categorical_accuracy': 0.8807275304483021, 'val_loss': 0.3407976609855343}
2018-07-01 18:18:53,096 - epoch: 54 logs: {'val_categorical_accuracy': 0.8788035514128433, 'loss': 0.33967315575216256, 'categorical_accuracy': 0.8807754194898154, 'val_loss': 0.342463828096019}
2018-07-01 18:19:05,334 - epoch: 55 logs: {'val_categorical_accuracy': 0.8790621498095332, 'loss': 0.3409171675975346, 'categorical_accuracy': 0.8802486399509616, 'val_loss': 0.3413581409934019}
2018-07-01 18:19:17,580 - epoch: 56 logs: {'val_categorical_accuracy': 0.8794069476717865, 'loss': 0.3409121426807291, 'categorical_accuracy': 0.8805742854770962, 'val_loss': 0.34141779821932844}
2018-07-01 18:19:29,837 - epoch: 57 logs: {'val_categorical_accuracy': 0.8794931470859709, 'loss': 0.3398952828578205, 'categorical_accuracy': 0.8804497739545468, 'val_loss': 0.341136001765281}
2018-07-01 18:19:41,952 - epoch: 58 logs: {'val_categorical_accuracy': 0.8791483492750966, 'loss': 0.3400441038979396, 'categorical_accuracy': 0.8804976630371637, 'val_loss': 0.3414543946851236}
2018-07-01 18:19:54,084 - epoch: 59 logs: {'val_categorical_accuracy': 0.8782001551025213, 'loss': 0.34056977403044253, 'categorical_accuracy': 0.8802199065205731, 'val_loss': 0.3490085529413791}
2018-07-01 18:20:06,263 - epoch: 60 logs: {'val_categorical_accuracy': 0.8784587535505901, 'loss': 0.33877714202875525, 'categorical_accuracy': 0.8804497739454127, 'val_loss': 0.3412664053656091}
2018-07-01 18:20:18,551 - epoch: 61 logs: {'val_categorical_accuracy': 0.8792345487406599, 'loss': 0.33953433261823035, 'categorical_accuracy': 0.8802582177747923, 'val_loss': 0.3416878764084337}
2018-07-01 18:20:30,767 - epoch: 62 logs: {'val_categorical_accuracy': 0.8791483492237177, 'loss': 0.3401040116399378, 'categorical_accuracy': 0.8804593517829445, 'val_loss': 0.34134126167833345}
2018-07-01 18:20:42,890 - epoch: 63 logs: {'val_categorical_accuracy': 0.8783725540850268, 'loss': 0.3403991042640545, 'categorical_accuracy': 0.8804114627140288, 'val_loss': 0.34109653130593703}
2018-07-01 18:20:55,165 - epoch: 64 logs: {'val_categorical_accuracy': 0.8785449530161534, 'loss': 0.34016023142503493, 'categorical_accuracy': 0.8806892192077841, 'val_loss': 0.34037312312163565}
2018-07-01 18:21:07,359 - epoch: 65 logs: {'val_categorical_accuracy': 0.8791483492750966, 'loss': 0.3390021421527344, 'categorical_accuracy': 0.8807754195172178, 'val_loss': 0.34198302489890586}
2018-07-01 18:21:19,668 - epoch: 66 logs: {'val_categorical_accuracy': 0.8797517455340398, 'loss': 0.3388668227498079, 'categorical_accuracy': 0.8805168186345874, 'val_loss': 0.33988208106834}
2018-07-01 18:21:31,823 - epoch: 67 logs: {'val_categorical_accuracy': 0.8802689422760408, 'loss': 0.339006536987109, 'categorical_accuracy': 0.8805934411156233, 'val_loss': 0.3399783572974097}
2018-07-01 18:21:44,006 - epoch: 68 logs: {'val_categorical_accuracy': 0.8799241444651664, 'loss': 0.3392156507514755, 'categorical_accuracy': 0.8811681097462282, 'val_loss': 0.3395129808803312}
2018-07-01 18:21:56,211 - epoch: 69 logs: {'val_categorical_accuracy': 0.8780277561713946, 'loss': 0.3388369941942519, 'categorical_accuracy': 0.8814745996658048, 'val_loss': 0.34570503104617806}
2018-07-01 18:22:08,387 - epoch: 70 logs: {'val_categorical_accuracy': 0.8793207481548443, 'loss': 0.3390373718271803, 'categorical_accuracy': 0.881034020386147, 'val_loss': 0.33990725084950457}
2018-07-01 18:22:20,531 - epoch: 71 logs: {'val_categorical_accuracy': 0.8773381604468881, 'loss': 0.3387936903237292, 'categorical_accuracy': 0.8810244425714505, 'val_loss': 0.3411899145004431}
2018-07-01 18:22:32,777 - epoch: 72 logs: {'val_categorical_accuracy': 0.8786311524817167, 'loss': 0.3392152673836805, 'categorical_accuracy': 0.8806796414159228, 'val_loss': 0.3408096428344336}
2018-07-01 18:22:44,926 - epoch: 73 logs: {'val_categorical_accuracy': 0.8797517454826609, 'loss': 0.33930322495230986, 'categorical_accuracy': 0.8809669757106735, 'val_loss': 0.34078577161862844}
2018-07-01 18:22:57,166 - epoch: 74 logs: {'val_categorical_accuracy': 0.8796655460170976, 'loss': 0.33907508861972, 'categorical_accuracy': 0.8804306183388549, 'val_loss': 0.3393101421278845}
2018-07-01 18:23:09,295 - epoch: 75 logs: {'val_categorical_accuracy': 0.878975950292591, 'loss': 0.33915598453593776, 'categorical_accuracy': 0.880842464169856, 'val_loss': 0.3418159584435561}
2018-07-01 18:23:21,502 - epoch: 76 logs: {'val_categorical_accuracy': 0.8775105594807725, 'loss': 0.3377227012672312, 'categorical_accuracy': 0.881168109737094, 'val_loss': 0.34683302994864057}
2018-07-01 18:23:33,690 - epoch: 77 logs: {'val_categorical_accuracy': 0.8781139556369579, 'loss': 0.3379853945606541, 'categorical_accuracy': 0.8814458662262822, 'val_loss': 0.34145227877161294}
2018-07-01 18:23:45,907 - epoch: 78 logs: {'val_categorical_accuracy': 0.8788897508784066, 'loss': 0.33881146524310723, 'categorical_accuracy': 0.8812830434266785, 'val_loss': 0.34221302068559234}
2018-07-01 18:23:58,027 - epoch: 79 logs: {'val_categorical_accuracy': 0.878975950292591, 'loss': 0.3381885941202508, 'categorical_accuracy': 0.8811297984646067, 'val_loss': 0.341989483751415}
2018-07-01 18:24:10,198 - epoch: 80 logs: {'val_categorical_accuracy': 0.8772519609813247, 'loss': 0.33838195306306124, 'categorical_accuracy': 0.8804018849038994, 'val_loss': 0.3457827888170344}
2018-07-01 18:24:11,313 - ===Default - Fold  2  - Param set number  0  ====== 
2018-07-01 18:24:11,834 - None 
2018-07-01 18:24:26,310 - epoch: 1 logs: {'val_categorical_accuracy': 0.8736315834739066, 'loss': 0.4241677454199136, 'categorical_accuracy': 0.8526549689633282, 'val_loss': 0.3543425369967614}
2018-07-01 18:24:38,419 - epoch: 2 logs: {'val_categorical_accuracy': 0.8775105594242557, 'loss': 0.36025187174037687, 'categorical_accuracy': 0.8732089494875168, 'val_loss': 0.3472582444005275}
2018-07-01 18:24:50,555 - epoch: 3 logs: {'val_categorical_accuracy': 0.879234548735522, 'loss': 0.35686438861281267, 'categorical_accuracy': 0.8740517967789121, 'val_loss': 0.341130414465647}
2018-07-01 18:25:02,673 - epoch: 4 logs: {'val_categorical_accuracy': 0.8777691578209457, 'loss': 0.35423661693650893, 'categorical_accuracy': 0.8755746685986354, 'val_loss': 0.3415567031575425}
2018-07-01 18:25:14,747 - epoch: 5 logs: {'val_categorical_accuracy': 0.8769071631653126, 'loss': 0.35297922716635083, 'categorical_accuracy': 0.8754501570669521, 'val_loss': 0.34243117136314466}
2018-07-01 18:25:26,852 - epoch: 6 logs: {'val_categorical_accuracy': 0.8804413412020295, 'loss': 0.35205213541628694, 'categorical_accuracy': 0.8755555130057787, 'val_loss': 0.33782751064559075}
2018-07-01 18:25:38,937 - epoch: 7 logs: {'val_categorical_accuracy': 0.8802689423222818, 'loss': 0.35145588128852273, 'categorical_accuracy': 0.8763887824550751, 'val_loss': 0.33798136773340437}
2018-07-01 18:25:51,025 - epoch: 8 logs: {'val_categorical_accuracy': 0.8790621498557742, 'loss': 0.35022274963600536, 'categorical_accuracy': 0.8770783848118009, 'val_loss': 0.33811690068565536}
2018-07-01 18:26:03,189 - epoch: 9 logs: {'val_categorical_accuracy': 0.8805275406675929, 'loss': 0.35008099825663014, 'categorical_accuracy': 0.8767910505170503, 'val_loss': 0.3353889948021245}
2018-07-01 18:26:15,302 - epoch: 10 logs: {'val_categorical_accuracy': 0.8796655460633386, 'loss': 0.3481783739689821, 'categorical_accuracy': 0.8773465634817256, 'val_loss': 0.33965490888022276}
2018-07-01 18:26:27,404 - epoch: 11 logs: {'val_categorical_accuracy': 0.8792345487869009, 'loss': 0.3492357687113084, 'categorical_accuracy': 0.8772412075703011, 'val_loss': 0.33634498640644417}
2018-07-01 18:26:39,569 - epoch: 12 logs: {'val_categorical_accuracy': 0.8802689423222818, 'loss': 0.34807432853995623, 'categorical_accuracy': 0.8776243199663467, 'val_loss': 0.34031772471462773}
2018-07-01 18:26:51,729 - epoch: 13 logs: {'val_categorical_accuracy': 0.8816481337199159, 'loss': 0.34889077545399777, 'categorical_accuracy': 0.8774998084666327, 'val_loss': 0.3362866062155552}
2018-07-01 18:27:03,826 - epoch: 14 logs: {'val_categorical_accuracy': 0.8794069477180275, 'loss': 0.34732395722924336, 'categorical_accuracy': 0.877844609599325, 'val_loss': 0.33760541588589504}
2018-07-01 18:27:15,953 - epoch: 15 logs: {'val_categorical_accuracy': 0.8821653305646746, 'loss': 0.34758361786291087, 'categorical_accuracy': 0.8777775649512538, 'val_loss': 0.33447650007138674}
2018-07-01 18:27:28,118 - epoch: 16 logs: {'val_categorical_accuracy': 0.880872338529846, 'loss': 0.3472806677517969, 'categorical_accuracy': 0.8781223661113485, 'val_loss': 0.3337539189432769}
2018-07-01 18:27:40,309 - epoch: 17 logs: {'val_categorical_accuracy': 0.8813895353746048, 'loss': 0.3470494603710644, 'categorical_accuracy': 0.8777967205395434, 'val_loss': 0.33451865229788713}
2018-07-01 18:27:52,583 - epoch: 18 logs: {'val_categorical_accuracy': 0.8788897508218899, 'loss': 0.34605399683447835, 'categorical_accuracy': 0.8783043444855406, 'val_loss': 0.3376440874395386}
2018-07-01 18:28:04,801 - epoch: 19 logs: {'val_categorical_accuracy': 0.8796655460633386, 'loss': 0.3466512263848785, 'categorical_accuracy': 0.8780265880054865, 'val_loss': 0.3454041861170438}
2018-07-01 18:28:17,041 - epoch: 20 logs: {'val_categorical_accuracy': 0.8804413412534083, 'loss': 0.345742434274647, 'categorical_accuracy': 0.8783139223048042, 'val_loss': 0.33459858623684174}
2018-07-01 18:28:29,317 - epoch: 21 logs: {'val_categorical_accuracy': 0.8806999395987194, 'loss': 0.34616843698518174, 'categorical_accuracy': 0.8784959007109657, 'val_loss': 0.3372648659579436}
2018-07-01 18:28:41,590 - epoch: 22 logs: {'val_categorical_accuracy': 0.880872338529846, 'loss': 0.3459495091568911, 'categorical_accuracy': 0.8779308098813563, 'val_loss': 0.3342039477269245}
2018-07-01 18:28:53,802 - epoch: 23 logs: {'val_categorical_accuracy': 0.8804413412534083, 'loss': 0.34562357446077036, 'categorical_accuracy': 0.878524634127653, 'val_loss': 0.33853998480968545}
2018-07-01 18:29:06,008 - epoch: 24 logs: {'val_categorical_accuracy': 0.8813033358576626, 'loss': 0.3456861319719864, 'categorical_accuracy': 0.8786108344096843, 'val_loss': 0.33448964203239445}
2018-07-01 18:29:18,222 - epoch: 25 logs: {'val_categorical_accuracy': 0.8805275406675929, 'loss': 0.34493078026184404, 'categorical_accuracy': 0.8788407018664933, 'val_loss': 0.3359689776876468}
2018-07-01 18:29:30,539 - epoch: 26 logs: {'val_categorical_accuracy': 0.8811309369779149, 'loss': 0.3444010124504498, 'categorical_accuracy': 0.8783809669939789, 'val_loss': 0.3341625051147598}
2018-07-01 18:29:42,821 - epoch: 27 logs: {'val_categorical_accuracy': 0.880355141787845, 'loss': 0.34510767835966427, 'categorical_accuracy': 0.8787545015935961, 'val_loss': 0.3331698919563353}
2018-07-01 18:29:55,015 - epoch: 28 logs: {'val_categorical_accuracy': 0.8810447374609727, 'loss': 0.34416582805015566, 'categorical_accuracy': 0.878735345964203, 'val_loss': 0.3348986788686314}
2018-07-01 18:30:07,272 - epoch: 29 logs: {'val_categorical_accuracy': 0.881648133668537, 'loss': 0.344070902670693, 'categorical_accuracy': 0.8781510995326028, 'val_loss': 0.33377342544057415}
2018-07-01 18:30:19,494 - epoch: 30 logs: {'val_categorical_accuracy': 0.8819929315821692, 'loss': 0.34341810189821775, 'categorical_accuracy': 0.8790514136619398, 'val_loss': 0.3345691808420321}
2018-07-01 18:30:31,698 - epoch: 31 logs: {'val_categorical_accuracy': 0.8819067321679848, 'loss': 0.3429041313523123, 'categorical_accuracy': 0.8789556355743461, 'val_loss': 0.33377292322995344}
2018-07-01 18:30:43,996 - epoch: 32 logs: {'val_categorical_accuracy': 0.8809585380467883, 'loss': 0.3446303150949054, 'categorical_accuracy': 0.8783235001286349, 'val_loss': 0.33457769368621937}
2018-07-01 18:30:56,281 - epoch: 33 logs: {'val_categorical_accuracy': 0.8806137401331561, 'loss': 0.34487553054222647, 'categorical_accuracy': 0.8785437897661803, 'val_loss': 0.33800914298921875}
2018-07-01 18:31:08,528 - epoch: 34 logs: {'val_categorical_accuracy': 0.8814757347887893, 'loss': 0.3434272822077983, 'categorical_accuracy': 0.8794728373122045, 'val_loss': 0.33357705882207844}
2018-07-01 18:31:20,777 - epoch: 35 logs: {'val_categorical_accuracy': 0.8824239289099857, 'loss': 0.3430693527878715, 'categorical_accuracy': 0.8797697494490541, 'val_loss': 0.3356195825840335}
2018-07-01 18:31:33,013 - epoch: 36 logs: {'val_categorical_accuracy': 0.8817343331854792, 'loss': 0.3427789281103476, 'categorical_accuracy': 0.8791950808504186, 'val_loss': 0.3335537354618956}
2018-07-01 18:31:45,263 - epoch: 37 logs: {'val_categorical_accuracy': 0.8820791310477325, 'loss': 0.3426016842179002, 'categorical_accuracy': 0.8792717032994852, 'val_loss': 0.33568470302701725}
2018-07-01 18:31:57,512 - epoch: 38 logs: {'val_categorical_accuracy': 0.8807861391156616, 'loss': 0.343363300645208, 'categorical_accuracy': 0.8792142364706776, 'val_loss': 0.33523258939096406}
2018-07-01 18:32:09,832 - epoch: 39 logs: {'val_categorical_accuracy': 0.8821653305646746, 'loss': 0.3422995384794827, 'categorical_accuracy': 0.879530304214085, 'val_loss': 0.3332727534042824}
2018-07-01 18:32:22,112 - epoch: 40 logs: {'val_categorical_accuracy': 0.8825963278411123, 'loss': 0.3430256712857759, 'categorical_accuracy': 0.8791663474245972, 'val_loss': 0.33436289087995025}
2018-07-01 18:32:34,343 - epoch: 41 logs: {'val_categorical_accuracy': 0.8790621498043953, 'loss': 0.3419686451025662, 'categorical_accuracy': 0.8792908589471465, 'val_loss': 0.33501462465616644}
2018-07-01 18:32:46,556 - epoch: 42 logs: {'val_categorical_accuracy': 0.8796655460119597, 'loss': 0.3410681811692331, 'categorical_accuracy': 0.879530304214085, 'val_loss': 0.34410815665500144}
2018-07-01 18:32:58,776 - epoch: 43 logs: {'val_categorical_accuracy': 0.8819929316335481, 'loss': 0.34265531163938695, 'categorical_accuracy': 0.8796931269451829, 'val_loss': 0.3348977898058321}
2018-07-01 18:33:10,997 - epoch: 44 logs: {'val_categorical_accuracy': 0.8821653304619169, 'loss': 0.3420437871382233, 'categorical_accuracy': 0.8795398819785439, 'val_loss': 0.33505425233233027}
2018-07-01 18:33:23,268 - epoch: 45 logs: {'val_categorical_accuracy': 0.8820791309963536, 'loss': 0.3421972513303895, 'categorical_accuracy': 0.8799325722075543, 'val_loss': 0.33368517391517877}
2018-07-01 18:33:35,516 - epoch: 46 logs: {'val_categorical_accuracy': 0.8819067321679848, 'loss': 0.3416998245146857, 'categorical_accuracy': 0.8795973488621561, 'val_loss': 0.33458914976471016}
2018-07-01 18:33:47,737 - epoch: 47 logs: {'val_categorical_accuracy': 0.8814757347887893, 'loss': 0.34151044439085687, 'categorical_accuracy': 0.879750593824228, 'val_loss': 0.33296607741609996}
2018-07-01 18:34:00,077 - epoch: 48 logs: {'val_categorical_accuracy': 0.8818205327024214, 'loss': 0.34157055740146, 'categorical_accuracy': 0.880028350299715, 'val_loss': 0.337365906841333}
2018-07-01 18:34:12,408 - epoch: 49 logs: {'val_categorical_accuracy': 0.8803551417364662, 'loss': 0.3414534119233054, 'categorical_accuracy': 0.880296529001609, 'val_loss': 0.3341134701419643}
2018-07-01 18:34:24,611 - epoch: 50 logs: {'val_categorical_accuracy': 0.8821653304619169, 'loss': 0.34168849627082537, 'categorical_accuracy': 0.8795111485801248, 'val_loss': 0.3333264830148217}
2018-07-01 18:34:36,855 - epoch: 51 logs: {'val_categorical_accuracy': 0.8829411257547445, 'loss': 0.34127694012132076, 'categorical_accuracy': 0.8798463719072547, 'val_loss': 0.33414147741711764}
2018-07-01 18:34:49,052 - epoch: 52 logs: {'val_categorical_accuracy': 0.8821653305132958, 'loss': 0.3410312125289333, 'categorical_accuracy': 0.8795398820150804, 'val_loss': 0.3330203164071834}
2018-07-01 18:35:01,280 - epoch: 53 logs: {'val_categorical_accuracy': 0.8826825273066756, 'loss': 0.3407347652886747, 'categorical_accuracy': 0.8795303041958168, 'val_loss': 0.3365909191449442}
2018-07-01 18:35:13,575 - epoch: 54 logs: {'val_categorical_accuracy': 0.8807861391156616, 'loss': 0.34166718540100494, 'categorical_accuracy': 0.8794728373533081, 'val_loss': 0.33457157507239516}
2018-07-01 18:35:25,821 - epoch: 55 logs: {'val_categorical_accuracy': 0.8825101284269279, 'loss': 0.34132269132631454, 'categorical_accuracy': 0.8799421500085497, 'val_loss': 0.3326186841186311}
2018-07-01 18:35:38,041 - epoch: 56 logs: {'val_categorical_accuracy': 0.8826825272552967, 'loss': 0.34087485442074056, 'categorical_accuracy': 0.8802103287058766, 'val_loss': 0.33436423937531035}
2018-07-01 18:35:50,399 - epoch: 57 logs: {'val_categorical_accuracy': 0.8831135246858711, 'loss': 0.34014702803028485, 'categorical_accuracy': 0.8804880851813637, 'val_loss': 0.33406960583742235}
2018-07-01 18:36:02,594 - epoch: 58 logs: {'val_categorical_accuracy': 0.8833721229798033, 'loss': 0.3403535916957168, 'categorical_accuracy': 0.8807945751329097, 'val_loss': 0.3353659463857702}
2018-07-01 18:36:14,787 - epoch: 59 logs: {'val_categorical_accuracy': 0.8823377294958012, 'loss': 0.3412299638721242, 'categorical_accuracy': 0.8801528618633678, 'val_loss': 0.3332074793204492}
2018-07-01 18:36:27,045 - epoch: 60 logs: {'val_categorical_accuracy': 0.8819929316849269, 'loss': 0.34014726207134105, 'categorical_accuracy': 0.8806221745368776, 'val_loss': 0.3333180579771493}
2018-07-01 18:36:39,310 - epoch: 61 logs: {'val_categorical_accuracy': 0.8817343331854792, 'loss': 0.3409662854602059, 'categorical_accuracy': 0.8804114627048948, 'val_loss': 0.33485626366187576}
2018-07-01 18:36:51,533 - epoch: 62 logs: {'val_categorical_accuracy': 0.8806999396500983, 'loss': 0.3399106689581295, 'categorical_accuracy': 0.880804152929338, 'val_loss': 0.3349787885439251}
2018-07-01 18:37:03,774 - epoch: 63 logs: {'val_categorical_accuracy': 0.881389535323226, 'loss': 0.3419083514443559, 'categorical_accuracy': 0.8796260823153799, 'val_loss': 0.332989503040816}
2018-07-01 18:37:16,040 - epoch: 64 logs: {'val_categorical_accuracy': 0.8824239289613646, 'loss': 0.34007565754463404, 'categorical_accuracy': 0.8797697494536211, 'val_loss': 0.33372004554298623}
2018-07-01 18:37:28,292 - epoch: 65 logs: {'val_categorical_accuracy': 0.8829411256519867, 'loss': 0.34057389730996496, 'categorical_accuracy': 0.8801337062294077, 'val_loss': 0.33392818431259896}
2018-07-01 18:37:40,588 - epoch: 66 logs: {'val_categorical_accuracy': 0.8823377293930436, 'loss': 0.3395215959857135, 'categorical_accuracy': 0.8796931269451829, 'val_loss': 0.33343210981309584}
2018-07-01 18:37:52,828 - epoch: 67 logs: {'val_categorical_accuracy': 0.8819067321166059, 'loss': 0.33975433308578945, 'categorical_accuracy': 0.8803731514917791, 'val_loss': 0.33212694355654576}
2018-07-01 18:38:05,058 - epoch: 68 logs: {'val_categorical_accuracy': 0.8826825273066756, 'loss': 0.34029382584186524, 'categorical_accuracy': 0.8795015707517271, 'val_loss': 0.3326265827154006}
2018-07-01 18:38:17,350 - epoch: 69 logs: {'val_categorical_accuracy': 0.8824239288586069, 'loss': 0.33987739730608363, 'categorical_accuracy': 0.8799517278597826, 'val_loss': 0.33371580462704015}
2018-07-01 18:38:29,598 - epoch: 70 logs: {'val_categorical_accuracy': 0.8819067321166059, 'loss': 0.3407743615936424, 'categorical_accuracy': 0.880152861867935, 'val_loss': 0.3328515985342729}
2018-07-01 18:38:41,900 - epoch: 71 logs: {'val_categorical_accuracy': 0.8828549262378023, 'loss': 0.33920889546858213, 'categorical_accuracy': 0.8804210405378595, 'val_loss': 0.3342671446600471}
2018-07-01 18:38:54,201 - epoch: 72 logs: {'val_categorical_accuracy': 0.8832859236169978, 'loss': 0.33974790213121947, 'categorical_accuracy': 0.8803444180476895, 'val_loss': 0.33247439799745704}
2018-07-01 18:39:06,416 - epoch: 73 logs: {'val_categorical_accuracy': 0.881130936926536, 'loss': 0.3388997633268473, 'categorical_accuracy': 0.8804976630280296, 'val_loss': 0.33511512656991166}
2018-07-01 18:39:18,645 - epoch: 74 logs: {'val_categorical_accuracy': 0.8814757347887893, 'loss': 0.33944960805467517, 'categorical_accuracy': 0.8804018849358688, 'val_loss': 0.3346246056166839}
2018-07-01 18:39:30,882 - epoch: 75 logs: {'val_categorical_accuracy': 0.8839755192901254, 'loss': 0.3393269147112784, 'categorical_accuracy': 0.8806413301662708, 'val_loss': 0.33281271854162975}
2018-07-01 18:39:43,121 - epoch: 76 logs: {'val_categorical_accuracy': 0.8822515300302379, 'loss': 0.33928448299541025, 'categorical_accuracy': 0.8812734656485184, 'val_loss': 0.33373160184369954}
2018-07-01 18:39:55,346 - epoch: 77 logs: {'val_categorical_accuracy': 0.8831135246858711, 'loss': 0.33923128898523197, 'categorical_accuracy': 0.8811106428808841, 'val_loss': 0.334073289960389}
2018-07-01 18:40:07,534 - epoch: 78 logs: {'val_categorical_accuracy': 0.8825963277897334, 'loss': 0.3395892470611502, 'categorical_accuracy': 0.8804210405469937, 'val_loss': 0.3356250547050515}
2018-07-01 18:40:19,717 - epoch: 79 logs: {'val_categorical_accuracy': 0.882510128375549, 'loss': 0.3395379747355928, 'categorical_accuracy': 0.8800283503271175, 'val_loss': 0.33505804103187997}
2018-07-01 18:40:31,994 - epoch: 80 logs: {'val_categorical_accuracy': 0.8811309370292938, 'loss': 0.33847206875050484, 'categorical_accuracy': 0.8804210405104572, 'val_loss': 0.33373801161139066}
2018-07-01 18:40:32,970 - DONE AND SAVED SORTED RESULTS 
